<?xml version="1.0" encoding="UTF-8"?>
<!-- Generated by org.testng.reporters.JUnitXMLReporter -->
<testsuite ignored="0" hostname="Amy-PC" failures="0" tests="3" name="Default test" time="4.787" errors="0" timestamp="11 Nov 2022 20:13:26 GMT">
  <testcase classname="appl.tests.SpaceXTests" name="TC001_validateResponseAndContent" time="2.069"/>
  <testcase classname="appl.tests.SpaceXTests" name="TC002_validateRocketDetails" time="0.964"/>
  <testcase classname="appl.tests.SpaceXTests" name="TC003_validateLaunchLandings" time="0.95"/>
</testsuite> <!-- Default test -->
