<?xml version="1.0" encoding="UTF-8"?>
<!-- Generated by org.testng.reporters.JUnitXMLReporter -->
<testsuite ignored="2" hostname="Amy-PC" failures="0" tests="1" name="Test" time="4.71" errors="0" timestamp="11 Nov 2022 19:01:38 GMT">
  <testcase classname="appl.tests.SpaceXTests" name="TC001_validateResponseAndContent" time="3.51"/>
  <testcase classname="appl.tests.SpaceXTests" name="TC002_validateRocketDetails" time="0.0">
    <ignored/>
  </testcase> <!-- TC002_validateRocketDetails -->
  <testcase classname="appl.tests.SpaceXTests" name="TC003_validateLaunchLandings" time="0.0">
    <ignored/>
  </testcase> <!-- TC003_validateLaunchLandings -->
</testsuite> <!-- Test -->
