<?xml version="1.0" encoding="UTF-8"?>
<testng-results ignored="0" total="3" passed="3" failed="0" skipped="0">
  <reporter-output>
  </reporter-output>
  <suite started-at="2022-11-11T20:13:22Z" name="Default suite" finished-at="2022-11-11T20:13:26Z" duration-ms="4787">
    <groups>
    </groups>
    <test started-at="2022-11-11T20:13:22Z" name="Default test" finished-at="2022-11-11T20:13:26Z" duration-ms="4787">
      <class name="appl.tests.SpaceXTests">
        <test-method is-config="true" signature="setup()[pri:0, instance:appl.tests.SpaceXTests@3b8f0a79]" started-at="2022-11-11T20:13:22Z" name="setup" finished-at="2022-11-11T20:13:22Z" duration-ms="767" status="PASS">
          <reporter-output>
          </reporter-output>
        </test-method> <!-- setup -->
        <test-method signature="TC001_validateResponseAndContent()[pri:0, instance:appl.tests.SpaceXTests@3b8f0a79]" started-at="2022-11-11T20:13:22Z" name="TC001_validateResponseAndContent" finished-at="2022-11-11T20:13:24Z" duration-ms="2069" status="PASS">
          <reporter-output>
          </reporter-output>
        </test-method> <!-- TC001_validateResponseAndContent -->
        <test-method signature="TC002_validateRocketDetails()[pri:0, instance:appl.tests.SpaceXTests@3b8f0a79]" started-at="2022-11-11T20:13:24Z" name="TC002_validateRocketDetails" finished-at="2022-11-11T20:13:25Z" duration-ms="964" status="PASS">
          <reporter-output>
          </reporter-output>
        </test-method> <!-- TC002_validateRocketDetails -->
        <test-method signature="TC003_validateLaunchLandings()[pri:0, instance:appl.tests.SpaceXTests@3b8f0a79]" started-at="2022-11-11T20:13:25Z" name="TC003_validateLaunchLandings" finished-at="2022-11-11T20:13:26Z" duration-ms="950" status="PASS">
          <reporter-output>
          </reporter-output>
        </test-method> <!-- TC003_validateLaunchLandings -->
      </class> <!-- appl.tests.SpaceXTests -->
    </test> <!-- Default test -->
  </suite> <!-- Default suite -->
</testng-results>
